<?xml version="1.0" encoding="UTF-8"?>
<testsuite xmlns:xsi="http://www.w3.org/2001/XMLSchema-instance" xsi:noNamespaceSchemaLocation="https://maven.apache.org/surefire/maven-surefire-plugin/xsd/surefire-test-report-3.0.xsd" version="3.0" name="Test.database.UserDaoIntegrationTest" time="1.118" tests="2" errors="0" skipped="0" failures="0">
  <properties>
[...]
</properties>
  <testcase name="testAddUser" classname="Test.database.UserDaoIntegrationTest" time="1.097">
    <system-out><![CDATA[23:49:30.795 [main] DEBUG com.zaxxer.hikari.HikariConfig -- HikariPool-1 - configuration:
23:49:30.815 [main] DEBUG com.zaxxer.hikari.HikariConfig -- allowPoolSuspension.............false
23:49:30.815 [main] DEBUG com.zaxxer.hikari.HikariConfig -- autoCommit......................true
23:49:30.815 [main] DEBUG com.zaxxer.hikari.HikariConfig -- catalog.........................none
23:49:30.815 [main] DEBUG com.zaxxer.hikari.HikariConfig -- connectionInitSql...............none
23:49:30.816 [main] DEBUG com.zaxxer.hikari.HikariConfig -- connectionTestQuery.............none
23:49:30.816 [main] DEBUG com.zaxxer.hikari.HikariConfig -- connectionTimeout...............30000
23:49:30.816 [main] DEBUG com.zaxxer.hikari.HikariConfig -- dataSource......................none
23:49:30.816 [main] DEBUG com.zaxxer.hikari.HikariConfig -- dataSourceClassName.............none
23:49:30.816 [main] DEBUG com.zaxxer.hikari.HikariConfig -- dataSourceJNDI..................none
23:49:30.817 [main] DEBUG com.zaxxer.hikari.HikariConfig -- dataSourceProperties............{password=<masked>}
23:49:30.817 [main] DEBUG com.zaxxer.hikari.HikariConfig -- driverClassName.................none
23:49:30.817 [main] DEBUG com.zaxxer.hikari.HikariConfig -- exceptionOverrideClassName......none
23:49:30.817 [main] DEBUG com.zaxxer.hikari.HikariConfig -- healthCheckProperties...........{}
23:49:30.817 [main] DEBUG com.zaxxer.hikari.HikariConfig -- healthCheckRegistry.............none
23:49:30.818 [main] DEBUG com.zaxxer.hikari.HikariConfig -- idleTimeout.....................60000
23:49:30.818 [main] DEBUG com.zaxxer.hikari.HikariConfig -- initializationFailTimeout.......1
23:49:30.818 [main] DEBUG com.zaxxer.hikari.HikariConfig -- isolateInternalQueries..........false
23:49:30.818 [main] DEBUG com.zaxxer.hikari.HikariConfig -- jdbcUrl.........................jdbc:mysql://localhost:3306/bankingTest
23:49:30.818 [main] DEBUG com.zaxxer.hikari.HikariConfig -- keepaliveTime...................0
23:49:30.818 [main] DEBUG com.zaxxer.hikari.HikariConfig -- leakDetectionThreshold..........0
23:49:30.819 [main] DEBUG com.zaxxer.hikari.HikariConfig -- maxLifetime.....................1800000
23:49:30.819 [main] DEBUG com.zaxxer.hikari.HikariConfig -- maximumPoolSize.................10
23:49:30.819 [main] DEBUG com.zaxxer.hikari.HikariConfig -- metricRegistry..................none
23:49:30.819 [main] DEBUG com.zaxxer.hikari.HikariConfig -- metricsTrackerFactory...........none
23:49:30.819 [main] DEBUG com.zaxxer.hikari.HikariConfig -- minimumIdle.....................2
23:49:30.819 [main] DEBUG com.zaxxer.hikari.HikariConfig -- password........................<masked>
23:49:30.819 [main] DEBUG com.zaxxer.hikari.HikariConfig -- poolName........................"HikariPool-1"
23:49:30.820 [main] DEBUG com.zaxxer.hikari.HikariConfig -- readOnly........................false
23:49:30.820 [main] DEBUG com.zaxxer.hikari.HikariConfig -- registerMbeans..................false
23:49:30.820 [main] DEBUG com.zaxxer.hikari.HikariConfig -- scheduledExecutor...............none
23:49:30.820 [main] DEBUG com.zaxxer.hikari.HikariConfig -- schema..........................none
23:49:30.820 [main] DEBUG com.zaxxer.hikari.HikariConfig -- threadFactory...................internal
23:49:30.820 [main] DEBUG com.zaxxer.hikari.HikariConfig -- transactionIsolation............default
23:49:30.820 [main] DEBUG com.zaxxer.hikari.HikariConfig -- username........................"root"
23:49:30.821 [main] DEBUG com.zaxxer.hikari.HikariConfig -- validationTimeout...............5000
23:49:30.823 [main] INFO com.zaxxer.hikari.HikariDataSource -- HikariPool-1 - Starting...
23:49:30.872 [main] DEBUG com.zaxxer.hikari.util.DriverDataSource -- Loaded driver with class name com.mysql.cj.jdbc.Driver for jdbcUrl=jdbc:mysql://localhost:3306/bankingTest
23:49:31.620 [main] INFO com.zaxxer.hikari.pool.HikariPool -- HikariPool-1 - Added connection com.mysql.cj.jdbc.ConnectionImpl@6484364f
23:49:31.624 [main] INFO com.zaxxer.hikari.HikariDataSource -- HikariPool-1 - Start completed.
23:49:31.726 [HikariPool-1 housekeeper] DEBUG com.zaxxer.hikari.pool.HikariPool -- HikariPool-1 - Before cleanup stats (total=1, active=1, idle=0, waiting=0)
23:49:31.727 [HikariPool-1 housekeeper] DEBUG com.zaxxer.hikari.pool.HikariPool -- HikariPool-1 - After cleanup  stats (total=1, active=1, idle=0, waiting=0)
]]></system-out>
  </testcase>
  <testcase name="testDeleteUser" classname="Test.database.UserDaoIntegrationTest" time="0.018">
    <system-out><![CDATA[23:49:31.755 [HikariPool-1 connection adder] DEBUG com.zaxxer.hikari.pool.HikariPool -- HikariPool-1 - Added connection com.mysql.cj.jdbc.ConnectionImpl@2caf3d34
]]></system-out>
  </testcase>
</testsuite>